Project: main

 Name                                                            Monthly Qty  Unit                    Monthly Cost   
                                                                                                                     
 aws_instance.chatbot                                                                                                
 ├─ Instance usage (Linux/UNIX, on-demand, t3.medium)                    730  hours                         $30.37   
 └─ root_block_device                                                                                                
    └─ Storage (general purpose SSD, gp2)                                  8  GB                             $0.80   
                                                                                                                     
 module.db.module.db_instance.aws_db_instance.this[0]                                                                
 ├─ Database instance (on-demand, Single-AZ, db.t2.micro)                730  hours                         $13.14   
 └─ Storage (general purpose SSD, gp2)                                    20  GB                             $2.30   
                                                                                                                     
 aws_route53_zone.main                                                                                               
 └─ Hosted zone                                                            1  months                         $0.50   
                                                                                                                     
 aws_s3_bucket.app_bucket                                                                                            
 └─ Standard                                                                                                         
    ├─ Storage                                             Monthly cost depends on usage: $0.023 per GB              
    ├─ PUT, COPY, POST, LIST requests                      Monthly cost depends on usage: $0.005 per 1k requests     
    ├─ GET, SELECT, and all other requests                 Monthly cost depends on usage: $0.0004 per 1k requests    
    ├─ Select data scanned                                 Monthly cost depends on usage: $0.002 per GB              
    └─ Select data returned                                Monthly cost depends on usage: $0.0007 per GB             
                                                                                                                     
 OVERALL TOTAL                                                                                             $47.11 

*Usage costs can be estimated by updating Infracost Cloud settings, see docs for other options.

──────────────────────────────────
16 cloud resources were detected:
∙ 4 were estimated
∙ 12 were free

┏━━━━━━━━━━━━━━━━━━━━━━━━━━━━━━━━━━━━━━━━━━━━━━━━━━━━┳━━━━━━━━━━━━━━━┳━━━━━━━━━━━━━┳━━━━━━━━━━━━┓
┃ Project                                            ┃ Baseline cost ┃ Usage cost* ┃ Total cost ┃
┣━━━━━━━━━━━━━━━━━━━━━━━━━━━━━━━━━━━━━━━━━━━━━━━━━━━━╋━━━━━━━━━━━━━━━╋━━━━━━━━━━━━━╋━━━━━━━━━━━━┫
┃ main                                               ┃           $47 ┃           - ┃        $47 ┃
┗━━━━━━━━━━━━━━━━━━━━━━━━━━━━━━━━━━━━━━━━━━━━━━━━━━━━┻━━━━━━━━━━━━━━━┻━━━━━━━━━━━━━┻━━━━━━━━━━━━┛